{
"contracts/BasicNFT.sol":{"l":{"10":1},"path":"/Users/narasimhatejareddy/Desktop/Crypto/v5.0/contracts/BasicNFT.sol","s":{"1":1},"b":{},"f":{"1":3,"2":1},"fnMap":{"1":{"name":"constructor","line":8,"loc":{"start":{"line":8,"column":4},"end":{"line":8,"column":42}}},"2":{"name":"mint","line":9,"loc":{"start":{"line":9,"column":4},"end":{"line":11,"column":4}}}},"statementMap":{"1":{"start":{"line":10,"column":8},"end":{"line":10,"column":25}}},"branchMap":{}},
"contracts/MyERC20Permit.sol":{"l":{"14":3},"path":"/Users/narasimhatejareddy/Desktop/Crypto/v5.0/contracts/MyERC20Permit.sol","s":{"1":3},"b":{},"f":{"1":3},"fnMap":{"1":{"name":"constructor","line":13,"loc":{"start":{"line":13,"column":4},"end":{"line":15,"column":4}}}},"statementMap":{"1":{"start":{"line":14,"column":8},"end":{"line":14,"column":39}}},"branchMap":{}},
"contracts/NFTDutchAuction_ERC20Bids.sol":{"l":{"31":3,"32":3,"33":3,"34":3,"35":3,"36":3,"37":3,"38":3,"39":3,"40":3,"47":0,"48":0,"58":0,"59":0,"64":1,"65":1,"66":1,"67":1,"68":1,"69":1,"70":1,"71":1,"72":1},"path":"/Users/narasimhatejareddy/Desktop/Crypto/v5.0/contracts/NFTDutchAuction_ERC20Bids.sol","s":{"1":0,"2":0,"3":0,"4":1,"5":1,"6":1,"7":1,"8":1,"9":1,"10":1,"11":1},"b":{"1":[3,0],"2":[0,0],"3":[0,0],"4":[0,0],"5":[1,0],"6":[1,0],"7":[1,0],"8":[1,0]},"f":{"1":3,"2":0,"3":0,"4":0,"5":1},"fnMap":{"1":{"name":"initialize","line":30,"loc":{"start":{"line":30,"column":4},"end":{"line":41,"column":4}}},"2":{"name":"onlyOwner","line":46,"loc":{"start":{"line":46,"column":4},"end":{"line":49,"column":4}}},"3":{"name":"_authorizeUpgrade","line":54,"loc":{"start":{"line":54,"column":4},"end":{"line":54,"column":87}}},"4":{"name":"upgrade","line":57,"loc":{"start":{"line":57,"column":4},"end":{"line":60,"column":4}}},"5":{"name":"bid","line":63,"loc":{"start":{"line":63,"column":4},"end":{"line":73,"column":4}}}},"statementMap":{"1":{"start":{"line":47,"column":8},"end":{"line":47,"column":86}},"2":{"start":{"line":58,"column":8},"end":{"line":58,"column":43}},"3":{"start":{"line":59,"column":8},"end":{"line":59,"column":36}},"4":{"start":{"line":64,"column":8},"end":{"line":64,"column":57}},"5":{"start":{"line":65,"column":8},"end":{"line":65,"column":54}},"6":{"start":{"line":66,"column":8},"end":{"line":66,"column":84}},"7":{"start":{"line":67,"column":8},"end":{"line":67,"column":103}},"8":{"start":{"line":68,"column":8},"end":{"line":68,"column":102}},"9":{"start":{"line":70,"column":8},"end":{"line":70,"column":103}},"10":{"start":{"line":71,"column":8},"end":{"line":71,"column":88}},"11":{"start":{"line":72,"column":8},"end":{"line":72,"column":25}}},"branchMap":{"1":{"line":30,"type":"if","locations":[{"start":{"line":30,"column":191},"end":{"line":30,"column":191}},{"start":{"line":30,"column":191},"end":{"line":30,"column":191}}]},"2":{"line":47,"type":"if","locations":[{"start":{"line":47,"column":8},"end":{"line":47,"column":8}},{"start":{"line":47,"column":8},"end":{"line":47,"column":8}}]},"3":{"line":54,"type":"if","locations":[{"start":{"line":54,"column":76},"end":{"line":54,"column":76}},{"start":{"line":54,"column":76},"end":{"line":54,"column":76}}]},"4":{"line":57,"type":"if","locations":[{"start":{"line":57,"column":55},"end":{"line":57,"column":55}},{"start":{"line":57,"column":55},"end":{"line":57,"column":55}}]},"5":{"line":64,"type":"if","locations":[{"start":{"line":64,"column":8},"end":{"line":64,"column":8}},{"start":{"line":64,"column":8},"end":{"line":64,"column":8}}]},"6":{"line":65,"type":"if","locations":[{"start":{"line":65,"column":8},"end":{"line":65,"column":8}},{"start":{"line":65,"column":8},"end":{"line":65,"column":8}}]},"7":{"line":66,"type":"if","locations":[{"start":{"line":66,"column":8},"end":{"line":66,"column":8}},{"start":{"line":66,"column":8},"end":{"line":66,"column":8}}]},"8":{"line":68,"type":"if","locations":[{"start":{"line":68,"column":8},"end":{"line":68,"column":8}},{"start":{"line":68,"column":8},"end":{"line":68,"column":8}}]}}}}
