TN:
SF:/Users/narasimhatejareddy/Desktop/Crypto/v5.0/contracts/BasicNFT.sol
FN:8,constructor
FN:9,mint
FNF:2
FNH:2
FNDA:3,constructor
FNDA:1,mint
DA:10,1
LF:1
LH:1
BRF:0
BRH:0
end_of_record
TN:
SF:/Users/narasimhatejareddy/Desktop/Crypto/v5.0/contracts/MyERC20Permit.sol
FN:13,constructor
FNF:1
FNH:1
FNDA:3,constructor
DA:14,3
LF:1
LH:1
BRF:0
BRH:0
end_of_record
TN:
SF:/Users/narasimhatejareddy/Desktop/Crypto/v5.0/contracts/NFTDutchAuction_ERC20Bids.sol
FN:30,initialize
FN:46,onlyOwner
FN:54,_authorizeUpgrade
FN:57,upgrade
FN:63,bid
FNF:5
FNH:2
FNDA:3,initialize
FNDA:0,onlyOwner
FNDA:0,_authorizeUpgrade
FNDA:0,upgrade
FNDA:1,bid
DA:31,3
DA:32,3
DA:33,3
DA:34,3
DA:35,3
DA:36,3
DA:37,3
DA:38,3
DA:39,3
DA:40,3
DA:47,0
DA:48,0
DA:58,0
DA:59,0
DA:64,1
DA:65,1
DA:66,1
DA:67,1
DA:68,1
DA:69,1
DA:70,1
DA:71,1
DA:72,1
LF:23
LH:19
BRDA:30,1,0,3
BRDA:30,1,1,0
BRDA:47,2,0,0
BRDA:47,2,1,0
BRDA:54,3,0,0
BRDA:54,3,1,0
BRDA:57,4,0,0
BRDA:57,4,1,0
BRDA:64,5,0,1
BRDA:64,5,1,0
BRDA:65,6,0,1
BRDA:65,6,1,0
BRDA:66,7,0,1
BRDA:66,7,1,0
BRDA:68,8,0,1
BRDA:68,8,1,0
BRF:16
BRH:5
end_of_record
